#
# There is insufficient memory for the Java Runtime Environment to continue.
# Native memory allocation (mmap) failed to map 65536 bytes for Failed to commit metaspace.
# Possible reasons:
#   The system is out of physical RAM or swap space
#   The process is running with CompressedOops enabled, and the Java Heap may be blocking the growth of the native heap
# Possible solutions:
#   Reduce memory load on the system
#   Increase physical memory or swap space
#   Check if swap backing store is full
#   Decrease Java heap size (-Xmx/-Xms)
#   Decrease number of Java threads
#   Decrease Java thread stack sizes (-Xss)
#   Set larger code cache with -XX:ReservedCodeCacheSize=
#   JVM is running with Unscaled Compressed Oops mode in which the Java heap is
#     placed in the first 4GB address space. The Java Heap base address is the
#     maximum limit for the native heap growth. Please use -XX:HeapBaseMinAddress
#     to set the Java Heap base and to place the Java Heap above 4GB virtual address.
# This output file may be truncated or incomplete.
#
#  Out of Memory Error (virtualSpaceNode.cpp:110), pid=9260, tid=8884
#
# JRE version: OpenJDK Runtime Environment JBR-17.0.4.1+7-469.62-jcef (17.0.4.1+7) (build 17.0.4.1+7-b469.62)
# Java VM: OpenJDK 64-Bit Server VM JBR-17.0.4.1+7-469.62-jcef (17.0.4.1+7-b469.62, mixed mode, tiered, compressed oops, compressed class ptrs, g1 gc, windows-amd64)
# No core dump will be written. Minidumps are not enabled by default on client versions of Windows
#

---------------  S U M M A R Y ------------

Command Line: git4idea.http.GitAskPassApp Username for 'https://github.com': 

Host: Intel(R) Core(TM) i5 CPU         650  @ 3.20GHz, 4 cores, 7G,  Windows 10 , 64 bit Build 19041 (10.0.19041.2788)
Time: Wed May  3 16:05:47 2023 Hora oficial do Brasil elapsed time: 0.343686 seconds (0d 0h 0m 0s)

---------------  T H R E A D  ---------------

Current thread (0x0000027187d75e10):  JavaThread "main" [_thread_in_vm, id=8884, stack(0x000000d1b9a00000,0x000000d1b9b00000)]

Stack: [0x000000d1b9a00000,0x000000d1b9b00000]
Native frames: (J=compiled Java code, j=interpreted, Vv=VM code, C=native code)
V  [jvm.dll+0x68356a]
V  [jvm.dll+0x83fab4]
V  [jvm.dll+0x84125e]
V  [jvm.dll+0x8418c3]
V  [jvm.dll+0x249735]
V  [jvm.dll+0x83bb0b]
V  [jvm.dll+0x627a06]
V  [jvm.dll+0x627a6a]
V  [jvm.dll+0x62a27a]
V  [jvm.dll+0x6283a6]
V  [jvm.dll+0x23d72f]
V  [jvm.dll+0x6321f5]
V  [jvm.dll+0x1ed77b]
V  [jvm.dll+0x1edcb5]
V  [jvm.dll+0x1ee5d4]
V  [jvm.dll+0x1e3b1c]
V  [jvm.dll+0x547dad]
V  [jvm.dll+0x1f443b]
V  [jvm.dll+0x7b996b]
V  [jvm.dll+0x7badb2]
V  [jvm.dll+0x7bb0e8]
V  [jvm.dll+0x2414ce]
V  [jvm.dll+0x3861ee]
C  0x000002718b4df3e5

Java frames: (J=compiled Java code, j=interpreted, Vv=VM code)
j  java.lang.invoke.DirectMethodHandle.<clinit>()V+82 java.base@17.0.4.1
v  ~StubRoutines::call_stub
j  java.lang.invoke.MethodHandles$Lookup.getDirectMethodCommon(BLjava/lang/Class;Ljava/lang/invoke/MemberName;ZZLjava/lang/invoke/MethodHandles$Lookup;)Ljava/lang/invoke/MethodHandle;+210 java.base@17.0.4.1
j  java.lang.invoke.MethodHandles$Lookup.getDirectMethodNoSecurityManager(BLjava/lang/Class;Ljava/lang/invoke/MemberName;Ljava/lang/invoke/MethodHandles$Lookup;)Ljava/lang/invoke/MethodHandle;+14 java.base@17.0.4.1
j  java.lang.invoke.MethodHandles$Lookup.getDirectMethodForConstant(BLjava/lang/Class;Ljava/lang/invoke/MemberName;)Ljava/lang/invoke/MethodHandle;+31 java.base@17.0.4.1
j  java.lang.invoke.MethodHandles$Lookup.linkMethodHandleConstant(BLjava/lang/Class;Ljava/lang/String;Ljava/lang/Object;)Ljava/lang/invoke/MethodHandle;+153 java.base@17.0.4.1
j  java.lang.invoke.MethodHandleNatives.linkMethodHandleConstant(Ljava/lang/Class;ILjava/lang/Class;Ljava/lang/String;Ljava/lang/Object;)Ljava/lang/invoke/MethodHandle;+38 java.base@17.0.4.1
v  ~StubRoutines::call_stub
j  git4idea.http.GitAskPassXmlRpcHandler.<clinit>()V+11
v  ~StubRoutines::call_stub
j  git4idea.http.GitAskPassApp.main([Ljava/lang/String;)V+28
v  ~StubRoutines::call_stub

---------------  P R O C E S S  ---------------

Threads class SMR info:
_java_thread_list=0x00000271a1e91b80, length=12, elements={
0x0000027187d75e10, 0x00000271a12d1750, 0x00000271a12d2640, 0x00000271a12f2a50,
0x00000271a12f36c0, 0x00000271a12f55e0, 0x00000271a12f5f90, 0x00000271a1d45610,
0x00000271a1d47620, 0x00000271a1d487f0, 0x00000271a1eb6030, 0x00000271a1eba510
}

Java Threads: ( => current thread )
=>0x0000027187d75e10 JavaThread "main" [_thread_in_vm, id=8884, stack(0x000000d1b9a00000,0x000000d1b9b00000)]
  0x00000271a12d1750 JavaThread "Reference Handler" daemon [_thread_blocked, id=7732, stack(0x000000d1ba100000,0x000000d1ba200000)]
  0x00000271a12d2640 JavaThread "Finalizer" daemon [_thread_blocked, id=15440, stack(0x000000d1ba200000,0x000000d1ba300000)]
  0x00000271a12f2a50 JavaThread "Signal Dispatcher" daemon [_thread_blocked, id=9228, stack(0x000000d1ba300000,0x000000d1ba400000)]
  0x00000271a12f36c0 JavaThread "Attach Listener" daemon [_thread_blocked, id=15912, stack(0x000000d1ba400000,0x000000d1ba500000)]
  0x00000271a12f55e0 JavaThread "Service Thread" daemon [_thread_blocked, id=9860, stack(0x000000d1ba500000,0x000000d1ba600000)]
  0x00000271a12f5f90 JavaThread "Monitor Deflation Thread" daemon [_thread_blocked, id=9460, stack(0x000000d1ba600000,0x000000d1ba700000)]
  0x00000271a1d45610 JavaThread "C2 CompilerThread0" daemon [_thread_in_native, id=10012, stack(0x000000d1ba700000,0x000000d1ba800000)]
  0x00000271a1d47620 JavaThread "C1 CompilerThread0" daemon [_thread_blocked, id=13112, stack(0x000000d1ba800000,0x000000d1ba900000)]
  0x00000271a1d487f0 JavaThread "Sweeper thread" daemon [_thread_blocked, id=9484, stack(0x000000d1ba900000,0x000000d1baa00000)]
  0x00000271a1eb6030 JavaThread "Notification Thread" daemon [_thread_blocked, id=1948, stack(0x000000d1baa00000,0x000000d1bab00000)]
  0x00000271a1eba510 JavaThread "Common-Cleaner" daemon [_thread_blocked, id=2424, stack(0x000000d1bac00000,0x000000d1bad00000)]

Other Threads:
  0x00000271a12cc4a0 VMThread "VM Thread" [stack: 0x000000d1ba000000,0x000000d1ba100000] [id=4976]
  0x00000271a126cda0 WatcherThread [stack: 0x000000d1bab00000,0x000000d1bac00000] [id=14248]
  0x0000027187dcb310 GCTaskThread "GC Thread#0" [stack: 0x000000d1b9b00000,0x000000d1b9c00000] [id=8812]
  0x0000027187ddb810 ConcurrentGCThread "G1 Main Marker" [stack: 0x000000d1b9c00000,0x000000d1b9d00000] [id=1612]
  0x0000027187ddc9c0 ConcurrentGCThread "G1 Conc#0" [stack: 0x000000d1b9d00000,0x000000d1b9e00000] [id=14976]
  0x00000271a1130090 ConcurrentGCThread "G1 Refine#0" [stack: 0x000000d1b9e00000,0x000000d1b9f00000] [id=15820]
  0x00000271a1130ab0 ConcurrentGCThread "G1 Service" [stack: 0x000000d1b9f00000,0x000000d1ba000000] [id=1344]

Threads with active compile tasks:
C2 CompilerThread0      391  117 %     4       java.util.zip.ZipFile$Source::initCEN @ 240 (591 bytes)

VM state: not at safepoint (normal execution)

VM Mutex/Monitor currently owned by a thread:  ([mutex/lock_event])
[0x0000027185d26dc0] Metaspace_lock - owner thread: 0x0000027187d75e10

Heap address: 0x0000000085200000, size: 1966 MB, Compressed Oops mode: 32-bit

CDS archive(s) not mapped
Compressed class space mapped at: 0x0000000100000000-0x0000000140000000, reserved size: 1073741824
Narrow klass base: 0x0000000000000000, Narrow klass shift: 3, Narrow klass range: 0x140000000

GC Precious Log:
 CPUs: 4 total, 4 available
 Memory: 7862M
 Large Page Support: Disabled
 NUMA Support: Disabled
 Compressed Oops: Enabled (32-bit)
 Heap Region Size: 1M
 Heap Min Capacity: 8M
 Heap Initial Capacity: 124M
 Heap Max Capacity: 1966M
 Pre-touch: Disabled
 Parallel Workers: 4
 Concurrent Workers: 1
 Concurrent Refinement Workers: 4
 Periodic GC: Disabled

Heap:
 garbage-first heap   total 126976K, used 14336K [0x0000000085200000, 0x0000000100000000)
  region size 1024K, 2 young (2048K), 0 survivors (0K)
 Metaspace       used 5052K, committed 5184K, reserved 1056768K
  class space    used 434K, committed 512K, reserved 1048576K

Heap Regions: E=young(eden), S=young(survivor), O=old, HS=humongous(starts), HC=humongous(continues), CS=collection set, F=free, OA=open archive, CA=closed archive, TAMS=top-at-mark-start (previous, next)
|   0|0x0000000085200000, 0x0000000085300000, 0x0000000085300000|100%|HS|  |TAMS 0x0000000085200000, 0x0000000085200000| Complete 
|   1|0x0000000085300000, 0x0000000085400000, 0x0000000085400000|100%|HC|  |TAMS 0x0000000085300000, 0x0000000085300000| Complete 
|   2|0x0000000085400000, 0x0000000085500000, 0x0000000085500000|100%|HC|  |TAMS 0x0000000085400000, 0x0000000085400000| Complete 
|   3|0x0000000085500000, 0x0000000085600000, 0x0000000085600000|100%|HC|  |TAMS 0x0000000085500000, 0x0000000085500000| Complete 
|   4|0x0000000085600000, 0x0000000085700000, 0x0000000085700000|100%|HC|  |TAMS 0x0000000085600000, 0x0000000085600000| Complete 
|   5|0x0000000085700000, 0x0000000085800000, 0x0000000085800000|100%|HC|  |TAMS 0x0000000085700000, 0x0000000085700000| Complete 
|   6|0x0000000085800000, 0x0000000085900000, 0x0000000085900000|100%|HC|  |TAMS 0x0000000085800000, 0x0000000085800000| Complete 
|   7|0x0000000085900000, 0x0000000085a00000, 0x0000000085a00000|100%|HC|  |TAMS 0x0000000085900000, 0x0000000085900000| Complete 
|   8|0x0000000085a00000, 0x0000000085b00000, 0x0000000085b00000|100%|HC|  |TAMS 0x0000000085a00000, 0x0000000085a00000| Complete 
|   9|0x0000000085b00000, 0x0000000085c00000, 0x0000000085c00000|100%|HC|  |TAMS 0x0000000085b00000, 0x0000000085b00000| Complete 
|  10|0x0000000085c00000, 0x0000000085d00000, 0x0000000085d00000|100%|HC|  |TAMS 0x0000000085c00000, 0x0000000085c00000| Complete 
|  11|0x0000000085d00000, 0x0000000085e00000, 0x0000000085e00000|100%|HS|  |TAMS 0x0000000085d00000, 0x0000000085d00000| Complete 
|  12|0x0000000085e00000, 0x0000000085f00000, 0x0000000085f00000|100%|HC|  |TAMS 0x0000000085e00000, 0x0000000085e00000| Complete 
|  13|0x0000000085f00000, 0x0000000085f00000, 0x0000000086000000|  0%| F|  |TAMS 0x0000000085f00000, 0x0000000085f00000| Untracked 
|  14|0x0000000086000000, 0x0000000086000000, 0x0000000086100000|  0%| F|  |TAMS 0x0000000086000000, 0x0000000086000000| Untracked 
|  15|0x0000000086100000, 0x0000000086100000, 0x0000000086200000|  0%| F|  |TAMS 0x0000000086100000, 0x0000000086100000| Untracked 
|  16|0x0000000086200000, 0x0000000086200000, 0x0000000086300000|  0%| F|  |TAMS 0x0000000086200000, 0x0000000086200000| Untracked 
|  17|0x0000000086300000, 0x0000000086300000, 0x0000000086400000|  0%| F|  |TAMS 0x0000000086300000, 0x0000000086300000| Untracked 
|  18|0x0000000086400000, 0x0000000086400000, 0x0000000086500000|  0%| F|  |TAMS 0x0000000086400000, 0x0000000086400000| Untracked 
|  19|0x0000000086500000, 0x0000000086500000, 0x0000000086600000|  0%| F|  |TAMS 0x0000000086500000, 0x0000000086500000| Untracked 
|  20|0x0000000086600000, 0x0000000086600000, 0x0000000086700000|  0%| F|  |TAMS 0x0000000086600000, 0x0000000086600000| Untracked 
|  21|0x0000000086700000, 0x0000000086700000, 0x0000000086800000|  0%| F|  |TAMS 0x0000000086700000, 0x0000000086700000| Untracked 
|  22|0x0000000086800000, 0x0000000086800000, 0x0000000086900000|  0%| F|  |TAMS 0x0000000086800000, 0x0000000086800000| Untracked 
|  23|0x0000000086900000, 0x0000000086900000, 0x0000000086a00000|  0%| F|  |TAMS 0x0000000086900000, 0x0000000086900000| Untracked 
|  24|0x0000000086a00000, 0x0000000086a00000, 0x0000000086b00000|  0%| F|  |TAMS 0x0000000086a00000, 0x0000000086a00000| Untracked 
|  25|0x0000000086b00000, 0x0000000086b00000, 0x0000000086c00000|  0%| F|  |TAMS 0x0000000086b00000, 0x0000000086b00000| Untracked 
|  26|0x0000000086c00000, 0x0000000086c00000, 0x0000000086d00000|  0%| F|  |TAMS 0x0000000086c00000, 0x0000000086c00000| Untracked 
|  27|0x0000000086d00000, 0x0000000086d00000, 0x0000000086e00000|  0%| F|  |TAMS 0x0000000086d00000, 0x0000000086d00000| Untracked 
|  28|0x0000000086e00000, 0x0000000086e00000, 0x0000000086f00000|  0%| F|  |TAMS 0x0000000086e00000, 0x0000000086e00000| Untracked 
|  29|0x0000000086f00000, 0x0000000086f00000, 0x0000000087000000|  0%| F|  |TAMS 0x0000000086f00000, 0x0000000086f00000| Untracked 
|  30|0x0000000087000000, 0x0000000087000000, 0x0000000087100000|  0%| F|  |TAMS 0x0000000087000000, 0x0000000087000000| Untracked 
|  31|0x0000000087100000, 0x0000000087100000, 0x0000000087200000|  0%| F|  |TAMS 0x0000000087100000, 0x0000000087100000| Untracked 
|  32|0x0000000087200000, 0x0000000087200000, 0x0000000087300000|  0%| F|  |TAMS 0x0000000087200000, 0x0000000087200000| Untracked 
|  33|0x0000000087300000, 0x0000000087300000, 0x0000000087400000|  0%| F|  |TAMS 0x0000000087300000, 0x0000000087300000| Untracked 
|  34|0x0000000087400000, 0x0000000087400000, 0x0000000087500000|  0%| F|  |TAMS 0x0000000087400000, 0x0000000087400000| Untracked 
|  35|0x0000000087500000, 0x0000000087500000, 0x0000000087600000|  0%| F|  |TAMS 0x0000000087500000, 0x0000000087500000| Untracked 
|  36|0x0000000087600000, 0x0000000087600000, 0x0000000087700000|  0%| F|  |TAMS 0x0000000087600000, 0x0000000087600000| Untracked 
|  37|0x0000000087700000, 0x0000000087700000, 0x0000000087800000|  0%| F|  |TAMS 0x0000000087700000, 0x0000000087700000| Untracked 
|  38|0x0000000087800000, 0x0000000087800000, 0x0000000087900000|  0%| F|  |TAMS 0x0000000087800000, 0x0000000087800000| Untracked 
|  39|0x0000000087900000, 0x0000000087900000, 0x0000000087a00000|  0%| F|  |TAMS 0x0000000087900000, 0x0000000087900000| Untracked 
|  40|0x0000000087a00000, 0x0000000087a00000, 0x0000000087b00000|  0%| F|  |TAMS 0x0000000087a00000, 0x0000000087a00000| Untracked 
|  41|0x0000000087b00000, 0x0000000087b00000, 0x0000000087c00000|  0%| F|  |TAMS 0x0000000087b00000, 0x0000000087b00000| Untracked 
|  42|0x0000000087c00000, 0x0000000087c00000, 0x0000000087d00000|  0%| F|  |TAMS 0x0000000087c00000, 0x0000000087c00000| Untracked 
|  43|0x0000000087d00000, 0x0000000087d00000, 0x0000000087e00000|  0%| F|  |TAMS 0x0000000087d00000, 0x0000000087d00000| Untracked 
|  44|0x0000000087e00000, 0x0000000087e00000, 0x0000000087f00000|  0%| F|  |TAMS 0x0000000087e00000, 0x0000000087e00000| Untracked 
|  45|0x0000000087f00000, 0x0000000087f00000, 0x0000000088000000|  0%| F|  |TAMS 0x0000000087f00000, 0x0000000087f00000| Untracked 
|  46|0x0000000088000000, 0x0000000088000000, 0x0000000088100000|  0%| F|  |TAMS 0x0000000088000000, 0x0000000088000000| Untracked 
|  47|0x0000000088100000, 0x0000000088100000, 0x0000000088200000|  0%| F|  |TAMS 0x0000000088100000, 0x0000000088100000| Untracked 
|  48|0x0000000088200000, 0x0000000088200000, 0x0000000088300000|  0%| F|  |TAMS 0x0000000088200000, 0x0000000088200000| Untracked 
|  49|0x0000000088300000, 0x0000000088300000, 0x0000000088400000|  0%| F|  |TAMS 0x0000000088300000, 0x0000000088300000| Untracked 
|  50|0x0000000088400000, 0x0000000088400000, 0x0000000088500000|  0%| F|  |TAMS 0x0000000088400000, 0x0000000088400000| Untracked 
|  51|0x0000000088500000, 0x0000000088500000, 0x0000000088600000|  0%| F|  |TAMS 0x0000000088500000, 0x0000000088500000| Untracked 
|  52|0x0000000088600000, 0x0000000088600000, 0x0000000088700000|  0%| F|  |TAMS 0x0000000088600000, 0x0000000088600000| Untracked 
|  53|0x0000000088700000, 0x0000000088700000, 0x0000000088800000|  0%| F|  |TAMS 0x0000000088700000, 0x0000000088700000| Untracked 
|  54|0x0000000088800000, 0x0000000088800000, 0x0000000088900000|  0%| F|  |TAMS 0x0000000088800000, 0x0000000088800000| Untracked 
|  55|0x0000000088900000, 0x0000000088900000, 0x0000000088a00000|  0%| F|  |TAMS 0x0000000088900000, 0x0000000088900000| Untracked 
|  56|0x0000000088a00000, 0x0000000088a00000, 0x0000000088b00000|  0%| F|  |TAMS 0x0000000088a00000, 0x0000000088a00000| Untracked 
|  57|0x0000000088b00000, 0x0000000088b00000, 0x0000000088c00000|  0%| F|  |TAMS 0x0000000088b00000, 0x0000000088b00000| Untracked 
|  58|0x0000000088c00000, 0x0000000088c00000, 0x0000000088d00000|  0%| F|  |TAMS 0x0000000088c00000, 0x0000000088c00000| Untracked 
|  59|0x0000000088d00000, 0x0000000088d00000, 0x0000000088e00000|  0%| F|  |TAMS 0x0000000088d00000, 0x0000000088d00000| Untracked 
|  60|0x0000000088e00000, 0x0000000088e00000, 0x0000000088f00000|  0%| F|  |TAMS 0x0000000088e00000, 0x0000000088e00000| Untracked 
|  61|0x0000000088f00000, 0x0000000088f00000, 0x0000000089000000|  0%| F|  |TAMS 0x0000000088f00000, 0x0000000088f00000| Untracked 
|  62|0x0000000089000000, 0x0000000089000000, 0x0000000089100000|  0%| F|  |TAMS 0x0000000089000000, 0x0000000089000000| Untracked 
|  63|0x0000000089100000, 0x0000000089100000, 0x0000000089200000|  0%| F|  |TAMS 0x0000000089100000, 0x0000000089100000| Untracked 
|  64|0x0000000089200000, 0x0000000089200000, 0x0000000089300000|  0%| F|  |TAMS 0x0000000089200000, 0x0000000089200000| Untracked 
|  65|0x0000000089300000, 0x0000000089300000, 0x0000000089400000|  0%| F|  |TAMS 0x0000000089300000, 0x0000000089300000| Untracked 
|  66|0x0000000089400000, 0x0000000089400000, 0x0000000089500000|  0%| F|  |TAMS 0x0000000089400000, 0x0000000089400000| Untracked 
|  67|0x0000000089500000, 0x0000000089500000, 0x0000000089600000|  0%| F|  |TAMS 0x0000000089500000, 0x0000000089500000| Untracked 
|  68|0x0000000089600000, 0x0000000089600000, 0x0000000089700000|  0%| F|  |TAMS 0x0000000089600000, 0x0000000089600000| Untracked 
|  69|0x0000000089700000, 0x0000000089700000, 0x0000000089800000|  0%| F|  |TAMS 0x0000000089700000, 0x0000000089700000| Untracked 
|  70|0x0000000089800000, 0x0000000089800000, 0x0000000089900000|  0%| F|  |TAMS 0x0000000089800000, 0x0000000089800000| Untracked 
|  71|0x0000000089900000, 0x0000000089900000, 0x0000000089a00000|  0%| F|  |TAMS 0x0000000089900000, 0x0000000089900000| Untracked 
|  72|0x0000000089a00000, 0x0000000089a00000, 0x0000000089b00000|  0%| F|  |TAMS 0x0000000089a00000, 0x0000000089a00000| Untracked 
|  73|0x0000000089b00000, 0x0000000089b00000, 0x0000000089c00000|  0%| F|  |TAMS 0x0000000089b00000, 0x0000000089b00000| Untracked 
|  74|0x0000000089c00000, 0x0000000089c00000, 0x0000000089d00000|  0%| F|  |TAMS 0x0000000089c00000, 0x0000000089c00000| Untracked 
|  75|0x0000000089d00000, 0x0000000089d00000, 0x0000000089e00000|  0%| F|  |TAMS 0x0000000089d00000, 0x0000000089d00000| Untracked 
|  76|0x0000000089e00000, 0x0000000089e00000, 0x0000000089f00000|  0%| F|  |TAMS 0x0000000089e00000, 0x0000000089e00000| Untracked 
|  77|0x0000000089f00000, 0x0000000089f00000, 0x000000008a000000|  0%| F|  |TAMS 0x0000000089f00000, 0x0000000089f00000| Untracked 
|  78|0x000000008a000000, 0x000000008a000000, 0x000000008a100000|  0%| F|  |TAMS 0x000000008a000000, 0x000000008a000000| Untracked 
|  79|0x000000008a100000, 0x000000008a100000, 0x000000008a200000|  0%| F|  |TAMS 0x000000008a100000, 0x000000008a100000| Untracked 
|  80|0x000000008a200000, 0x000000008a200000, 0x000000008a300000|  0%| F|  |TAMS 0x000000008a200000, 0x000000008a200000| Untracked 
|  81|0x000000008a300000, 0x000000008a300000, 0x000000008a400000|  0%| F|  |TAMS 0x000000008a300000, 0x000000008a300000| Untracked 
|  82|0x000000008a400000, 0x000000008a400000, 0x000000008a500000|  0%| F|  |TAMS 0x000000008a400000, 0x000000008a400000| Untracked 
|  83|0x000000008a500000, 0x000000008a500000, 0x000000008a600000|  0%| F|  |TAMS 0x000000008a500000, 0x000000008a500000| Untracked 
|  84|0x000000008a600000, 0x000000008a600000, 0x000000008a700000|  0%| F|  |TAMS 0x000000008a600000, 0x000000008a600000| Untracked 
|  85|0x000000008a700000, 0x000000008a700000, 0x000000008a800000|  0%| F|  |TAMS 0x000000008a700000, 0x000000008a700000| Untracked 
|  86|0x000000008a800000, 0x000000008a800000, 0x000000008a900000|  0%| F|  |TAMS 0x000000008a800000, 0x000000008a800000| Untracked 
|  87|0x000000008a900000, 0x000000008a900000, 0x000000008aa00000|  0%| F|  |TAMS 0x000000008a900000, 0x000000008a900000| Untracked 
|  88|0x000000008aa00000, 0x000000008aa00000, 0x000000008ab00000|  0%| F|  |TAMS 0x000000008aa00000, 0x000000008aa00000| Untracked 
|  89|0x000000008ab00000, 0x000000008ab00000, 0x000000008ac00000|  0%| F|  |TAMS 0x000000008ab00000, 0x000000008ab00000| Untracked 
|  90|0x000000008ac00000, 0x000000008ac00000, 0x000000008ad00000|  0%| F|  |TAMS 0x000000008ac00000, 0x000000008ac00000| Untracked 
|  91|0x000000008ad00000, 0x000000008ad00000, 0x000000008ae00000|  0%| F|  |TAMS 0x000000008ad00000, 0x000000008ad00000| Untracked 
|  92|0x000000008ae00000, 0x000000008ae00000, 0x000000008af00000|  0%| F|  |TAMS 0x000000008ae00000, 0x000000008ae00000| Untracked 
|  93|0x000000008af00000, 0x000000008af00000, 0x000000008b000000|  0%| F|  |TAMS 0x000000008af00000, 0x000000008af00000| Untracked 
|  94|0x000000008b000000, 0x000000008b000000, 0x000000008b100000|  0%| F|  |TAMS 0x000000008b000000, 0x000000008b000000| Untracked 
|  95|0x000000008b100000, 0x000000008b100000, 0x000000008b200000|  0%| F|  |TAMS 0x000000008b100000, 0x000000008b100000| Untracked 
|  96|0x000000008b200000, 0x000000008b200000, 0x000000008b300000|  0%| F|  |TAMS 0x000000008b200000, 0x000000008b200000| Untracked 
|  97|0x000000008b300000, 0x000000008b300000, 0x000000008b400000|  0%| F|  |TAMS 0x000000008b300000, 0x000000008b300000| Untracked 
|  98|0x000000008b400000, 0x000000008b400000, 0x000000008b500000|  0%| F|  |TAMS 0x000000008b400000, 0x000000008b400000| Untracked 
|  99|0x000000008b500000, 0x000000008b500000, 0x000000008b600000|  0%| F|  |TAMS 0x000000008b500000, 0x000000008b500000| Untracked 
| 100|0x000000008b600000, 0x000000008b600000, 0x000000008b700000|  0%| F|  |TAMS 0x000000008b600000, 0x000000008b600000| Untracked 
| 101|0x000000008b700000, 0x000000008b700000, 0x000000008b800000|  0%| F|  |TAMS 0x000000008b700000, 0x000000008b700000| Untracked 
| 102|0x000000008b800000, 0x000000008b800000, 0x000000008b900000|  0%| F|  |TAMS 0x000000008b800000, 0x000000008b800000| Untracked 
| 103|0x000000008b900000, 0x000000008b900000, 0x000000008ba00000|  0%| F|  |TAMS 0x000000008b900000, 0x000000008b900000| Untracked 
| 104|0x000000008ba00000, 0x000000008ba00000, 0x000000008bb00000|  0%| F|  |TAMS 0x000000008ba00000, 0x000000008ba00000| Untracked 
| 105|0x000000008bb00000, 0x000000008bb00000, 0x000000008bc00000|  0%| F|  |TAMS 0x000000008bb00000, 0x000000008bb00000| Untracked 
| 106|0x000000008bc00000, 0x000000008bc00000, 0x000000008bd00000|  0%| F|  |TAMS 0x000000008bc00000, 0x000000008bc00000| Untracked 
| 107|0x000000008bd00000, 0x000000008bd00000, 0x000000008be00000|  0%| F|  |TAMS 0x000000008bd00000, 0x000000008bd00000| Untracked 
| 108|0x000000008be00000, 0x000000008be00000, 0x000000008bf00000|  0%| F|  |TAMS 0x000000008be00000, 0x000000008be00000| Untracked 
| 109|0x000000008bf00000, 0x000000008bf00000, 0x000000008c000000|  0%| F|  |TAMS 0x000000008bf00000, 0x000000008bf00000| Untracked 
| 110|0x000000008c000000, 0x000000008c000000, 0x000000008c100000|  0%| F|  |TAMS 0x000000008c000000, 0x000000008c000000| Untracked 
| 111|0x000000008c100000, 0x000000008c100000, 0x000000008c200000|  0%| F|  |TAMS 0x000000008c100000, 0x000000008c100000| Untracked 
| 112|0x000000008c200000, 0x000000008c200000, 0x000000008c300000|  0%| F|  |TAMS 0x000000008c200000, 0x000000008c200000| Untracked 
| 113|0x000000008c300000, 0x000000008c300000, 0x000000008c400000|  0%| F|  |TAMS 0x000000008c300000, 0x000000008c300000| Untracked 
| 114|0x000000008c400000, 0x000000008c400000, 0x000000008c500000|  0%| F|  |TAMS 0x000000008c400000, 0x000000008c400000| Untracked 
| 115|0x000000008c500000, 0x000000008c500000, 0x000000008c600000|  0%| F|  |TAMS 0x000000008c500000, 0x000000008c500000| Untracked 
| 116|0x000000008c600000, 0x000000008c600000, 0x000000008c700000|  0%| F|  |TAMS 0x000000008c600000, 0x000000008c600000| Untracked 
| 117|0x000000008c700000, 0x000000008c700000, 0x000000008c800000|  0%| F|  |TAMS 0x000000008c700000, 0x000000008c700000| Untracked 
| 118|0x000000008c800000, 0x000000008c800000, 0x000000008c900000|  0%| F|  |TAMS 0x000000008c800000, 0x000000008c800000| Untracked 
| 119|0x000000008c900000, 0x000000008c900000, 0x000000008ca00000|  0%| F|  |TAMS 0x000000008c900000, 0x000000008c900000| Untracked 
| 120|0x000000008ca00000, 0x000000008ca00000, 0x000000008cb00000|  0%| F|  |TAMS 0x000000008ca00000, 0x000000008ca00000| Untracked 
| 121|0x000000008cb00000, 0x000000008cb00000, 0x000000008cc00000|  0%| F|  |TAMS 0x000000008cb00000, 0x000000008cb00000| Untracked 
| 122|0x000000008cc00000, 0x000000008cc77470, 0x000000008cd00000| 46%| E|  |TAMS 0x000000008cc00000, 0x000000008cc00000| Complete 
| 123|0x000000008cd00000, 0x000000008ce00000, 0x000000008ce00000|100%| E|CS|TAMS 0x000000008cd00000, 0x000000008cd00000| Complete 

Card table byte_map: [0x000002719a8b0000,0x000002719ac90000] _byte_map_base: 0x000002719a487000

Marking Bits (Prev, Next): (CMBitMap*) 0x0000027187dcb920, (CMBitMap*) 0x0000027187dcb960
 Prev Bits: [0x000002719b070000, 0x000002719cf28000)
 Next Bits: [0x000002719cf30000, 0x000002719ede8000)

Polling page: 0x0000027185bd0000

Metaspace:

Usage:
  Non-class:      4.51 MB used.
      Class:    434.73 KB used.
       Both:      4.93 MB used.

Virtual space:
  Non-class space:        8.00 MB reserved,       4.56 MB ( 57%) committed,  1 nodes.
      Class space:        1.00 GB reserved,     512.00 KB ( <1%) committed,  1 nodes.
             Both:        1.01 GB reserved,       5.06 MB ( <1%) committed. 

Chunk freelists:
   Non-Class:  2.99 MB
       Class:  3.55 MB
        Both:  6.54 MB

MaxMetaspaceSize: unlimited
CompressedClassSpaceSize: 1.00 GB
Initial GC threshold: 21.00 MB
Current GC threshold: 21.00 MB
CDS: off
MetaspaceReclaimPolicy: balanced
 - commit_granule_bytes: 65536.
 - commit_granule_words: 8192.
 - virtual_space_node_default_size: 1048576.
 - enlarge_chunks_in_place: 1.
 - new_chunks_are_fully_committed: 0.
 - uncommit_free_chunks: 1.
 - use_allocation_guard: 0.
 - handle_deallocations: 1.


Internal statistics:

num_allocs_failed_limit: 0.
num_arena_births: 4.
num_arena_deaths: 0.
num_vsnodes_births: 2.
num_vsnodes_deaths: 0.
num_space_committed: 81.
num_space_uncommitted: 0.
num_chunks_returned_to_freelist: 0.
num_chunks_taken_from_freelist: 11.
num_chunk_merges: 0.
num_chunk_splits: 4.
num_chunks_enlarged: 1.
num_purges: 0.
num_inconsistent_stats: 0.

CodeHeap 'non-profiled nmethods': size=120000Kb used=26Kb max_used=26Kb free=119973Kb
 bounds [0x0000027192fa0000, 0x0000027193210000, 0x000002719a4d0000]
CodeHeap 'profiled nmethods': size=120000Kb used=215Kb max_used=215Kb free=119784Kb
 bounds [0x000002718ba70000, 0x000002718bce0000, 0x0000027192fa0000]
CodeHeap 'non-nmethods': size=5760Kb used=1053Kb max_used=1066Kb free=4706Kb
 bounds [0x000002718b4d0000, 0x000002718b740000, 0x000002718ba70000]
 total_blobs=442 nmethods=126 adapters=230
 compilation: enabled
              stopped_count=0, restarted_count=0
 full_count=0

Compilation events (20 events):
Event: 0.328 Thread 0x00000271a1d47620  118       3       java.util.HashMap::putVal (300 bytes)
Event: 0.330 Thread 0x00000271a1d47620 nmethod 118 0x000002718ba9ed90 code [0x000002718ba9f020, 0x000002718baa01f8]
Event: 0.330 Thread 0x00000271a1d47620  119       3       java.util.Arrays::copyOfRange (64 bytes)
Event: 0.331 Thread 0x00000271a1d47620 nmethod 119 0x000002718baa0710 code [0x000002718baa0980, 0x000002718baa1278]
Event: 0.331 Thread 0x00000271a1d47620  125       3       java.util.TreeMap::put (221 bytes)
Event: 0.332 Thread 0x00000271a1d47620 nmethod 125 0x000002718baa1610 code [0x000002718baa1860, 0x000002718baa2448]
Event: 0.332 Thread 0x00000271a1d47620  123       3       java.lang.Character::toUpperCase (6 bytes)
Event: 0.332 Thread 0x00000271a1d47620 nmethod 123 0x000002718baa2790 code [0x000002718baa2940, 0x000002718baa2b98]
Event: 0.332 Thread 0x00000271a1d47620  124       3       java.lang.Character::toUpperCase (9 bytes)
Event: 0.332 Thread 0x00000271a1d47620 nmethod 124 0x000002718baa2c90 code [0x000002718baa2e40, 0x000002718baa3038]
Event: 0.332 Thread 0x00000271a1d47620  126       3       java.util.TreeMap::parentOf (13 bytes)
Event: 0.332 Thread 0x00000271a1d47620 nmethod 126 0x000002718baa3110 code [0x000002718baa32a0, 0x000002718baa3418]
Event: 0.332 Thread 0x00000271a1d47620  121       3       java.lang.CharacterData::of (136 bytes)
Event: 0.333 Thread 0x00000271a1d47620 nmethod 121 0x000002718baa3510 code [0x000002718baa3740, 0x000002718baa40d8]
Event: 0.333 Thread 0x00000271a1d47620  122       3       java.lang.CharacterDataLatin1::toUpperCase (53 bytes)
Event: 0.333 Thread 0x00000271a1d47620 nmethod 122 0x000002718baa4310 code [0x000002718baa44c0, 0x000002718baa4758]
Event: 0.333 Thread 0x00000271a1d47620  120       3       java.lang.StringLatin1::newString (24 bytes)
Event: 0.333 Thread 0x00000271a1d47620 nmethod 120 0x000002718baa4890 code [0x000002718baa4a60, 0x000002718baa4d88]
Event: 0.333 Thread 0x00000271a1d47620  128       3       java.lang.String::checkBoundsBeginEnd (63 bytes)
Event: 0.334 Thread 0x00000271a1d47620 nmethod 128 0x000002718baa4e90 code [0x000002718baa5120, 0x000002718baa59f8]

GC Heap History (0 events):
No events

Deoptimization events (20 events):
Event: 0.278 Thread 0x0000027187d75e10 DEOPT PACKING pc=0x000002718ba8a50c sp=0x000000d1b9afa620
Event: 0.278 Thread 0x0000027187d75e10 DEOPT UNPACKING pc=0x000002718b522b24 sp=0x000000d1b9af9ab0 mode 0
Event: 0.279 Thread 0x0000027187d75e10 DEOPT PACKING pc=0x000002718ba8a50c sp=0x000000d1b9afa620
Event: 0.279 Thread 0x0000027187d75e10 DEOPT UNPACKING pc=0x000002718b522b24 sp=0x000000d1b9af9ab0 mode 0
Event: 0.279 Thread 0x0000027187d75e10 DEOPT PACKING pc=0x000002718ba8a50c sp=0x000000d1b9afa620
Event: 0.279 Thread 0x0000027187d75e10 DEOPT UNPACKING pc=0x000002718b522b24 sp=0x000000d1b9af9ab0 mode 0
Event: 0.279 Thread 0x0000027187d75e10 DEOPT PACKING pc=0x000002718ba8a50c sp=0x000000d1b9afa620
Event: 0.279 Thread 0x0000027187d75e10 DEOPT UNPACKING pc=0x000002718b522b24 sp=0x000000d1b9af9ab0 mode 0
Event: 0.279 Thread 0x0000027187d75e10 DEOPT PACKING pc=0x000002718ba8a50c sp=0x000000d1b9afa620
Event: 0.279 Thread 0x0000027187d75e10 DEOPT UNPACKING pc=0x000002718b522b24 sp=0x000000d1b9af9ab0 mode 0
Event: 0.279 Thread 0x0000027187d75e10 DEOPT PACKING pc=0x000002718ba8a50c sp=0x000000d1b9afa620
Event: 0.279 Thread 0x0000027187d75e10 DEOPT UNPACKING pc=0x000002718b522b24 sp=0x000000d1b9af9ab0 mode 0
Event: 0.279 Thread 0x0000027187d75e10 DEOPT PACKING pc=0x000002718ba8a50c sp=0x000000d1b9afa620
Event: 0.279 Thread 0x0000027187d75e10 DEOPT UNPACKING pc=0x000002718b522b24 sp=0x000000d1b9af9ab0 mode 0
Event: 0.280 Thread 0x0000027187d75e10 DEOPT PACKING pc=0x000002718ba8a50c sp=0x000000d1b9afa620
Event: 0.280 Thread 0x0000027187d75e10 DEOPT UNPACKING pc=0x000002718b522b24 sp=0x000000d1b9af9ab0 mode 0
Event: 0.284 Thread 0x0000027187d75e10 Uncommon trap: trap_request=0xffffff45 fr.pc=0x0000027192fa4cf8 relative=0x0000000000000158
Event: 0.284 Thread 0x0000027187d75e10 Uncommon trap: reason=unstable_if action=reinterpret pc=0x0000027192fa4cf8 method=java.util.zip.ZipFile$Source.isMetaName([BII)Z @ 3 c2
Event: 0.284 Thread 0x0000027187d75e10 DEOPT PACKING pc=0x0000027192fa4cf8 sp=0x000000d1b9afa750
Event: 0.284 Thread 0x0000027187d75e10 DEOPT UNPACKING pc=0x000002718b52239d sp=0x000000d1b9afa6f8 mode 2

Classes unloaded (0 events):
No events

Classes redefined (0 events):
No events

Internal exceptions (0 events):
No events

VM Operations (4 events):
Event: 0.328 Executing VM operation: HandshakeAllThreads
Event: 0.328 Executing VM operation: HandshakeAllThreads done
Event: 0.328 Executing VM operation: HandshakeAllThreads
Event: 0.328 Executing VM operation: HandshakeAllThreads done

Events (20 events):
Event: 0.328 loading class java/lang/ProcessEnvironment$EntryComparator done
Event: 0.329 loading class java/lang/ProcessEnvironment$CheckedEntrySet
Event: 0.329 loading class java/lang/ProcessEnvironment$CheckedEntrySet done
Event: 0.329 loading class java/lang/ProcessEnvironment$CheckedEntrySet$1
Event: 0.329 loading class java/lang/ProcessEnvironment$CheckedEntrySet$1 done
Event: 0.329 loading class java/lang/ProcessEnvironment$CheckedEntry
Event: 0.329 loading class java/lang/ProcessEnvironment$CheckedEntry done
Event: 0.333 loading class java/lang/invoke/MethodType$ConcurrentWeakInternSet
Event: 0.333 loading class java/lang/invoke/MethodType$ConcurrentWeakInternSet done
Event: 0.334 loading class java/lang/invoke/MethodTypeForm
Event: 0.334 loading class java/lang/invoke/MethodTypeForm done
Event: 0.334 loading class java/lang/invoke/MethodType$ConcurrentWeakInternSet$WeakEntry
Event: 0.334 loading class java/lang/invoke/MethodType$ConcurrentWeakInternSet$WeakEntry done
Event: 0.335 loading class sun/invoke/util/Wrapper
Event: 0.335 loading class sun/invoke/util/Wrapper done
Event: 0.335 loading class sun/invoke/util/Wrapper$Format
Event: 0.335 loading class sun/invoke/util/Wrapper$Format done
Event: 0.336 loading class java/lang/invoke/LambdaForm$NamedFunction
Event: 0.336 loading class java/lang/invoke/LambdaForm$NamedFunction done
Event: 0.336 loading class java/lang/invoke/DirectMethodHandle$Holder


Dynamic libraries:
0x00007ff6a76a0000 - 0x00007ff6a76aa000 	C:\Program Files\JetBrains\PhpStorm 2022.2.3\jbr\bin\java.exe
0x00007ff81bfd0000 - 0x00007ff81c1c8000 	C:\Windows\SYSTEM32\ntdll.dll
0x00007ff81aac0000 - 0x00007ff81ab7f000 	C:\Windows\System32\KERNEL32.DLL
0x00007ff8197e0000 - 0x00007ff819aba000 	C:\Windows\System32\KERNELBASE.dll
0x00007ff8196e0000 - 0x00007ff8197e0000 	C:\Windows\System32\ucrtbase.dll
0x00007ffffaf50000 - 0x00007ffffaf6b000 	C:\Program Files\JetBrains\PhpStorm 2022.2.3\jbr\bin\VCRUNTIME140.dll
0x00007ff810810000 - 0x00007ff810827000 	C:\Program Files\JetBrains\PhpStorm 2022.2.3\jbr\bin\jli.dll
0x00007ff81a330000 - 0x00007ff81a4cd000 	C:\Windows\System32\USER32.dll
0x00007ff819e50000 - 0x00007ff819e72000 	C:\Windows\System32\win32u.dll
0x00007ff803e70000 - 0x00007ff80410a000 	C:\Windows\WinSxS\amd64_microsoft.windows.common-controls_6595b64144ccf1df_6.0.19041.1110_none_60b5254171f9507e\COMCTL32.dll
0x00007ff81a100000 - 0x00007ff81a12b000 	C:\Windows\System32\GDI32.dll
0x00007ff81ad10000 - 0x00007ff81adae000 	C:\Windows\System32\msvcrt.dll
0x00007ff819c70000 - 0x00007ff819d80000 	C:\Windows\System32\gdi32full.dll
0x00007ff819db0000 - 0x00007ff819e4d000 	C:\Windows\System32\msvcp_win.dll
0x00007ff81b5e0000 - 0x00007ff81b610000 	C:\Windows\System32\IMM32.DLL
0x00007ff80d210000 - 0x00007ff80d21c000 	C:\Program Files\JetBrains\PhpStorm 2022.2.3\jbr\bin\vcruntime140_1.dll
0x00007ffff5d80000 - 0x00007ffff5e0d000 	C:\Program Files\JetBrains\PhpStorm 2022.2.3\jbr\bin\msvcp140.dll
0x00007fffcca50000 - 0x00007fffcd6b9000 	C:\Program Files\JetBrains\PhpStorm 2022.2.3\jbr\bin\server\jvm.dll
0x00007ff81b530000 - 0x00007ff81b5de000 	C:\Windows\System32\ADVAPI32.dll
0x00007ff81b490000 - 0x00007ff81b52c000 	C:\Windows\System32\sechost.dll
0x00007ff81a610000 - 0x00007ff81a736000 	C:\Windows\System32\RPCRT4.dll
0x00007ff81b480000 - 0x00007ff81b488000 	C:\Windows\System32\PSAPI.DLL
0x00007ff80a2f0000 - 0x00007ff80a317000 	C:\Windows\SYSTEM32\WINMM.dll
0x00007ff810370000 - 0x00007ff81037a000 	C:\Windows\SYSTEM32\VERSION.dll
0x00007ff801870000 - 0x00007ff801879000 	C:\Windows\SYSTEM32\WSOCK32.dll
0x00007ff81a240000 - 0x00007ff81a2ab000 	C:\Windows\System32\WS2_32.dll
0x00007ff8175c0000 - 0x00007ff8175d2000 	C:\Windows\SYSTEM32\kernel.appcore.dll
0x00007ff813f60000 - 0x00007ff813f6a000 	C:\Program Files\JetBrains\PhpStorm 2022.2.3\jbr\bin\jimage.dll
0x00007ff809b30000 - 0x00007ff809d14000 	C:\Windows\SYSTEM32\DBGHELP.DLL
0x00007ff8094c0000 - 0x00007ff8094f4000 	C:\Windows\SYSTEM32\dbgcore.DLL
0x00007ff819fa0000 - 0x00007ff81a022000 	C:\Windows\System32\bcryptPrimitives.dll
0x00007ff80bc80000 - 0x00007ff80bca5000 	C:\Program Files\JetBrains\PhpStorm 2022.2.3\jbr\bin\java.dll
0x00007ff80d1f0000 - 0x00007ff80d208000 	C:\Program Files\JetBrains\PhpStorm 2022.2.3\jbr\bin\zip.dll
0x00007ff81b840000 - 0x00007ff81bf84000 	C:\Windows\System32\SHELL32.dll
0x00007ff8177c0000 - 0x00007ff817f53000 	C:\Windows\SYSTEM32\windows.storage.dll
0x00007ff81a740000 - 0x00007ff81aa94000 	C:\Windows\System32\combase.dll
0x00007ff819060000 - 0x00007ff81908e000 	C:\Windows\SYSTEM32\Wldp.dll
0x00007ff81a190000 - 0x00007ff81a23d000 	C:\Windows\System32\SHCORE.dll
0x00007ff81a130000 - 0x00007ff81a185000 	C:\Windows\System32\shlwapi.dll
0x00007ff819620000 - 0x00007ff81963f000 	C:\Windows\SYSTEM32\profapi.dll
0x00007ff809790000 - 0x00007ff8097a9000 	C:\Program Files\JetBrains\PhpStorm 2022.2.3\jbr\bin\net.dll
0x00007ff812740000 - 0x00007ff81284a000 	C:\Windows\SYSTEM32\WINHTTP.dll
0x00007ff818dc0000 - 0x00007ff818e2a000 	C:\Windows\system32\mswsock.dll
0x00007ffffc9a0000 - 0x00007ffffc9b6000 	C:\Program Files\JetBrains\PhpStorm 2022.2.3\jbr\bin\nio.dll

dbghelp: loaded successfully - version: 4.0.5 - missing functions: none
symbol engine: initialized successfully - sym options: 0x614 - pdb path: .;C:\Program Files\JetBrains\PhpStorm 2022.2.3\jbr\bin;C:\Windows\SYSTEM32;C:\Windows\WinSxS\amd64_microsoft.windows.common-controls_6595b64144ccf1df_6.0.19041.1110_none_60b5254171f9507e;C:\Program Files\JetBrains\PhpStorm 2022.2.3\jbr\bin\server

VM Arguments:
java_command: git4idea.http.GitAskPassApp Username for 'https://github.com': 
java_class_path (initial): C:/Program Files/JetBrains/PhpStorm 2022.2.3/plugins/git4idea/lib/git4idea-rt.jar;C:/Program Files/JetBrains/PhpStorm 2022.2.3/lib/externalProcess-rt.jar;C:/Program Files/JetBrains/PhpStorm 2022.2.3/lib/app.jar;C:/Program Files/JetBrains/PhpStorm 2022.2.3/lib/3rd-party-rt.jar
Launcher Type: SUN_STANDARD

[Global flags]
     intx CICompilerCount                          = 3                                         {product} {ergonomic}
     uint ConcGCThreads                            = 1                                         {product} {ergonomic}
     uint G1ConcRefinementThreads                  = 4                                         {product} {ergonomic}
   size_t G1HeapRegionSize                         = 1048576                                   {product} {ergonomic}
    uintx GCDrainStackTargetSize                   = 64                                        {product} {ergonomic}
   size_t InitialHeapSize                          = 130023424                                 {product} {ergonomic}
   size_t MarkStackSize                            = 4194304                                   {product} {ergonomic}
   size_t MaxHeapSize                              = 2061500416                                {product} {ergonomic}
   size_t MaxNewSize                               = 1236271104                                {product} {ergonomic}
   size_t MinHeapDeltaBytes                        = 1048576                                   {product} {ergonomic}
   size_t MinHeapSize                              = 8388608                                   {product} {ergonomic}
    uintx NonNMethodCodeHeapSize                   = 5832780                                {pd product} {ergonomic}
    uintx NonProfiledCodeHeapSize                  = 122912730                              {pd product} {ergonomic}
    uintx ProfiledCodeHeapSize                     = 122912730                              {pd product} {ergonomic}
    uintx ReservedCodeCacheSize                    = 251658240                              {pd product} {ergonomic}
     bool SegmentedCodeCache                       = true                                      {product} {ergonomic}
   size_t SoftMaxHeapSize                          = 2061500416                             {manageable} {ergonomic}
     bool UseCompressedClassPointers               = true                           {product lp64_product} {ergonomic}
     bool UseCompressedOops                        = true                           {product lp64_product} {ergonomic}
     bool UseG1GC                                  = true                                      {product} {ergonomic}
     bool UseLargePagesIndividualAllocation        = false                                  {pd product} {ergonomic}

Logging:
Log output configuration:
 #0: stdout all=warning uptime,level,tags
 #1: stderr all=off uptime,level,tags

Environment Variables:
PATH=C:/Program Files/Git/mingw64/libexec/git-core;C:/Program Files/Git/mingw64/libexec/git-core;C:\Program Files\Git\mingw64\bin;C:\Program Files\Git\usr\bin;C:\Users\Yago\bin;C:\Python311\Scripts\;C:\Python311\;C:\app\Yago\product\21c\dbhomeXE\bin;C:\Windows\system32;C:\Windows;C:\Windows\System32\Wbem;C:\Windows\System32\WindowsPowerShell\v1.0\;C:\Windows\System32\OpenSSH\;C:\Program Files (x86)\HP\Common\HPDestPlgIn\;C:\Program Files (x86)\Common Files\Acronis\SnapAPI\;C:\Program Files (x86)\Common Files\Acronis\VirtualFile\;C:\Program Files (x86)\Common Files\Acronis\VirtualFile64\;C:\Program Files (x86)\Microsoft Office\Office15;C:\Users\Yago\AppData\Local\Google\Chrome\Application;C:\Program Files\Git\cmd;C:\ProgramData\ComposerSetup\bin;C:\Oracle\instantclient_12_2;C:\wamp64\bin\php\php8.1.0;C:\ProgramData\chocolatey\bin;C:\Windows\System32\PSTools\;C:\Program Files\nodejs\;C:\Users\Yago\AppData\Local\Microsoft\WindowsApps;C:\Program Files (x86)\HP\Common\HPDestPlgIn\;C:\ProgramData\Microsoft\Windows\Start Menu\Programs\Microsoft Office 2013;C:\Users\Yago\AppData\Local\Programs\Microsoft VS Code\bin;%PhpStorm%;C:\Users\Yago\AppData\Roaming\Composer\vendor\bin;C:\php;C:\Oracle\instantclient_12_2;C:\Users\Yago\AppData\Roaming\npm
USERNAME=Yago
DISPLAY=:0.0
LC_ALL=en_US.UTF-8
TERM=xterm-256color
TMPDIR=C:\Users\Yago\AppData\Local\Temp
OS=Windows_NT
PROCESSOR_IDENTIFIER=Intel64 Family 6 Model 37 Stepping 5, GenuineIntel
TMP=C:\Users\Yago\AppData\Local\Temp
TEMP=C:\Users\Yago\AppData\Local\Temp



---------------  S Y S T E M  ---------------

OS:
 Windows 10 , 64 bit Build 19041 (10.0.19041.2788)
OS uptime: 7 days 3:56 hours

CPU: total 4 (initial active 4) (2 cores per cpu, 2 threads per core) family 6 model 37 stepping 5 microcode 0x7, cx8, cmov, fxsr, ht, mmx, sse, sse2, sse3, ssse3, sse4.1, sse4.2, popcnt, tsc, tscinvbit, aes, clmul, clflush

Memory: 4k page, system-wide physical 7862M (1622M free)
TotalPageFile size 9262M (AvailPageFile size 3M)
current process WorkingSet (physical memory assigned to process): 44M, peak: 44M
current process commit charge ("private bytes"): 192M, peak: 192M

vm_info: OpenJDK 64-Bit Server VM (17.0.4.1+7-b469.62) for windows-amd64 JRE (17.0.4.1+7-b469.62), built on 2022-09-22 by "builduser" with MS VC++ 16.10 / 16.11 (VS2019)

END.
